<?xml version="1.0" encoding="UTF-8"?>
<testng-results ignored="0" total="0" passed="0" failed="0" skipped="0">
  <reporter-output>
  </reporter-output>
  <suite started-at="2024-07-14T16:17:58 NZST" name="Regression Suite" finished-at="2024-07-14T16:17:58 NZST" duration-ms="10">
    <groups>
    </groups>
    <test started-at="2024-07-14T16:17:58 NZST" name="Regression Tests" finished-at="2024-07-14T16:17:58 NZST" duration-ms="10">
    </test> <!-- Regression Tests -->
  </suite> <!-- Regression Suite -->
</testng-results>
